2013-06-25 09:31:47,348 INFO  org.ariadne_eu.service.ARIADNEImplementation @ querywithPadding:query=lom.solr:"all"
2013-06-25 09:32:06,556 INFO  org.ariadne_eu.service.ARIADNEImplementation @ querywithPadding:query=lom.solr:"all"
2013-06-25 09:34:07,660 INFO  org.ariadne_eu.service.ARIADNEImplementation @ querywithPadding:query=lom.solr:"all"
2013-06-25 09:34:18,680 INFO  org.ariadne_eu.service.ARIADNEImplementation @ querywithPadding:query=contents:81527002-2a2c-42b9-940c-e4774db33501
2013-06-25 09:40:08,535 INFO  org.ariadne_eu.service.ARIADNEImplementation @ querywithPadding:query=lom.solr:"all"
2013-06-25 09:40:37,097 INFO  org.ariadne_eu.service.ARIADNEImplementation @ querywithPadding:query=lom.solr:"all"
2013-06-25 09:41:18,152 INFO  org.ariadne_eu.service.ARIADNEImplementation @ querywithPadding:query=lom.solr:"all" AND metadata.licenseUri:"http"
2013-06-25 09:48:59,212 INFO  org.ariadne_eu.service.ARIADNEImplementation @ querywithPadding:query=lom.solr:"all"
2013-06-25 09:49:06,464 INFO  org.ariadne_eu.service.ARIADNEImplementation @ querywithPadding:query=lom.solr:"all"
2013-06-25 09:49:57,359 INFO  org.ariadne_eu.service.ARIADNEImplementation @ querywithPadding:query=lom.solr:"all" AND metadata.licenseUri:"http"
2013-06-25 09:51:45,611 INFO  org.ariadne_eu.service.ARIADNEImplementation @ querywithPadding:query=lom.solr:"all"
2013-06-25 09:51:57,754 INFO  org.ariadne_eu.service.ARIADNEImplementation @ querywithPadding:query=lom.solr:"all" AND metadata.licenseUri:"http"
2013-06-25 09:53:05,917 INFO  org.ariadne_eu.service.ARIADNEImplementation @ querywithPadding:query=lom.solr:"all"
2013-06-25 09:53:55,005 INFO  org.ariadne_eu.service.ARIADNEImplementation @ querywithPadding:query=lom.solr:"all" AND metadata.licenseUri:"http"
2013-06-25 09:55:41,533 INFO  org.ariadne_eu.service.ARIADNEImplementation @ querywithPadding:query=lom.solr:"all"
2013-06-25 09:55:58,811 INFO  org.ariadne_eu.service.ARIADNEImplementation @ querywithPadding:query=lom.solr:"all" AND metadata.licenseUri:"http"
2013-06-25 10:00:54,004 INFO  org.ariadne_eu.service.ARIADNEImplementation @ querywithPadding:query=lom.solr:"all"
2013-06-25 10:01:05,309 INFO  org.ariadne_eu.service.ARIADNEImplementation @ querywithPadding:query=lom.solr:"all" AND metadata.licenseUri:"http"
2013-06-25 10:01:16,630 INFO  org.ariadne_eu.service.ARIADNEImplementation @ querywithPadding:query=lom.solr:"all"
2013-06-25 10:01:18,494 INFO  org.ariadne_eu.service.ARIADNEImplementation @ querywithPadding:query=lom.solr:"all" AND metadata.licenseUri:"http"
2013-06-25 10:01:20,862 INFO  org.ariadne_eu.service.ARIADNEImplementation @ querywithPadding:query=lom.solr:"all"
2013-06-25 10:01:26,319 INFO  org.ariadne_eu.service.ARIADNEImplementation @ querywithPadding:query=lom.solr:"all" AND metadata.licenseUri:"http"
2013-06-25 10:04:56,198 INFO  org.ariadne_eu.service.ARIADNEImplementation @ querywithPadding:query=lom.solr:"all"
2013-06-25 10:05:21,206 INFO  org.ariadne_eu.service.ARIADNEImplementation @ querywithPadding:query=lom.solr:"all" AND metadata.licenseUri:"http"
2013-06-25 10:05:57,580 INFO  org.ariadne_eu.service.ARIADNEImplementation @ querywithPadding:query=lom.solr:"all"
2013-06-25 10:06:05,485 INFO  org.ariadne_eu.service.ARIADNEImplementation @ querywithPadding:query=contents:*
2013-06-25 10:07:07,965 INFO  org.ariadne_eu.service.ARIADNEImplementation @ querywithPadding:query=contents:*
2013-06-25 10:07:18,415 INFO  org.ariadne_eu.service.ARIADNEImplementation @ querywithPadding:query=contents:*
2013-06-25 10:08:05,068 INFO  org.ariadne_eu.service.ARIADNEImplementation @ querywithPadding:query=lom.solr:"all"
2013-06-25 10:08:26,183 INFO  org.ariadne_eu.service.ARIADNEImplementation @ querywithPadding:query=lom.solr:"all" AND metadata.classification:"Animalia"
2013-06-25 10:11:01,339 INFO  org.ariadne_eu.service.ARIADNEImplementation @ querywithPadding:query=lom.solr:"all"
2013-06-25 10:11:16,457 INFO  org.ariadne_eu.service.ARIADNEImplementation @ querywithPadding:query=lom.solr:"all" AND metadata.licenseUri:"http//creativecommons.org/licenses/by-nc-nd/3.0"
2013-06-25 10:12:32,045 INFO  org.ariadne_eu.service.ARIADNEImplementation @ querywithPadding:query=lom.solr:"all"
2013-06-25 10:12:42,088 INFO  org.ariadne_eu.service.ARIADNEImplementation @ querywithPadding:query=lom.solr:"all" AND metadata.licenseUri:"http://creativecommons.org/licenses/by-nc-nd/3.0"
2013-06-25 10:12:52,549 INFO  org.ariadne_eu.service.ARIADNEImplementation @ querywithPadding:query=lom.solr:"all"
2013-06-25 10:12:54,079 INFO  org.ariadne_eu.service.ARIADNEImplementation @ querywithPadding:query=lom.solr:"all" AND metadata.licenseUri:"http://creativecommons.org/licenses/by-nc-nd/3.0"
2013-06-25 10:22:52,243 INFO  org.ariadne_eu.service.ARIADNEImplementation @ querywithPadding:query=lom.solr:"all"
2013-06-25 10:23:05,058 INFO  org.ariadne_eu.service.ARIADNEImplementation @ querywithPadding:query=lom.solr:"all" AND metadata.licenseUri:"http://creativecommons.org/licenses/by-nc-nd/3.0"
2013-06-25 10:23:18,986 INFO  org.ariadne_eu.service.ARIADNEImplementation @ querywithPadding:query=lom.solr:"all"
2013-06-25 10:23:24,783 INFO  org.ariadne_eu.service.ARIADNEImplementation @ querywithPadding:query=lom.solr:"all" AND metadata.licenseUri:"http://creativecommons.org/licenses/by-nc-nd/3.0"
2013-06-25 10:28:12,191 INFO  org.ariadne_eu.service.ARIADNEImplementation @ querywithPadding:query=lom.solr:"all"
2013-06-25 10:28:31,068 INFO  org.ariadne_eu.service.ARIADNEImplementation @ querywithPadding:query=lom.solr:"all" AND metadata.licenseUri:"http://creativecommons.org/licenses/by-nc-nd/3.0"
2013-06-26 12:13:16,818 INFO  org.ariadne_eu.service.ARIADNEImplementation @ querywithPadding:query=lom.solr:"all" AND metadata.licenseUri:"http://creativecommons.org/licenses/by-nc-nd/3.0"
2013-06-26 12:16:59,498 INFO  org.ariadne_eu.service.ARIADNEImplementation @ querywithPadding:query=lom.solr:"all" AND metadata.licenseUri:"http://creativecommons.org/licenses/by-nc-nd/3.0"
2013-06-26 12:17:59,345 INFO  org.ariadne_eu.service.ARIADNEImplementation @ querywithPadding:query=lom.solr:"all" AND metadata.licenseUri:"http://creativecommons.org/licenses/by-nc-nd/3.0"
2013-06-26 12:33:27,638 INFO  org.ariadne_eu.service.ARIADNEImplementation @ querywithPadding:query=lom.solr:"all"
2013-06-26 12:34:24,650 INFO  org.ariadne_eu.service.ARIADNEImplementation @ querywithPadding:query=lom.solr:"all"
2013-06-26 12:35:12,188 INFO  org.ariadne_eu.service.ARIADNEImplementation @ querywithPadding:query=lom.solr:"all"
2013-06-26 12:37:55,808 INFO  org.ariadne_eu.service.ARIADNEImplementation @ querywithPadding:query=lom.solr:"all"
2013-06-28 12:59:49,398 INFO  org.ariadne_eu.service.ARIADNEImplementation @ querywithPadding:query=lom.solr:"all"
2013-06-28 13:00:11,807 INFO  org.ariadne_eu.service.ARIADNEImplementation @ querywithPadding:query=lom.solr:"all" AND metadata.contentType:"IMAGE"
2013-06-28 13:07:53,475 INFO  org.ariadne_eu.service.ARIADNEImplementation @ querywithPadding:query=lom.solr:"all"
2013-06-28 13:08:08,961 INFO  org.ariadne_eu.service.ARIADNEImplementation @ querywithPadding:query=lom.solr:"all" AND metadata.contentType:"IMAGE"
